<?xml version="1.0" encoding="UTF-8"?>
<!-- Generated by org.testng.reporters.JUnitReportReporter -->
<testsuite hostname="DESKTOP-J9VLADR" name="mvn.first.AppTest" tests="1" failures="0" timestamp="16 Sep 2019 19:17:08 GMT" time="0.000" errors="0">
  <testcase name="testApp" time="0.000" classname="mvn.first.AppTest"/>
</testsuite> <!-- mvn.first.AppTest -->
