<?xml version="1.0" encoding="UTF-8"?>
<!-- Generated by org.testng.reporters.JUnitReportReporter -->
<testsuite hostname="DESKTOP-J9VLADR" name="mvn.first.callurlTest" tests="1" failures="0" timestamp="16 Sep 2019 19:58:04 GMT" time="9.178" errors="0">
  <testcase name="geturl" time="9.178" classname="mvn.first.callurlTest"/>
</testsuite> <!-- mvn.first.callurlTest -->
